2019-11-01 08:56:33,295 [main] INFO  org.springframework.boot.test.context.SpringBootTestContextBootstrapper - Neither @ContextConfiguration nor @ContextHierarchy found for test class [com.example.springbootdemo.SpringbootdemoApplicationTests], using SpringBootContextLoader
2019-11-01 08:56:33,345 [main] INFO  org.springframework.test.context.support.AbstractContextLoader - Could not detect default resource locations for test class [com.example.springbootdemo.SpringbootdemoApplicationTests]: no resource found for suffixes {-context.xml, Context.groovy}.
2019-11-01 08:56:33,347 [main] INFO  org.springframework.test.context.support.AnnotationConfigContextLoaderUtils - Could not detect default configuration classes for test class [com.example.springbootdemo.SpringbootdemoApplicationTests]: SpringbootdemoApplicationTests does not declare any static, non-private, non-final, nested classes annotated with @Configuration.
2019-11-01 08:56:35,192 [main] INFO  org.springframework.boot.test.context.SpringBootTestContextBootstrapper - Found @SpringBootConfiguration com.example.SpringbootdemoApplication for test class com.example.springbootdemo.SpringbootdemoApplicationTests
2019-11-01 08:56:37,118 [main] INFO  org.springframework.boot.test.context.SpringBootTestContextBootstrapper - Loaded default TestExecutionListener class names from location [META-INF/spring.factories]: [org.springframework.boot.test.mock.mockito.MockitoTestExecutionListener, org.springframework.boot.test.mock.mockito.ResetMocksTestExecutionListener, org.springframework.boot.test.autoconfigure.restdocs.RestDocsTestExecutionListener, org.springframework.boot.test.autoconfigure.web.client.MockRestServiceServerResetTestExecutionListener, org.springframework.boot.test.autoconfigure.web.servlet.MockMvcPrintOnlyOnFailureTestExecutionListener, org.springframework.boot.test.autoconfigure.web.servlet.WebDriverTestExecutionListener, org.springframework.test.context.web.ServletTestExecutionListener, org.springframework.test.context.support.DirtiesContextBeforeModesTestExecutionListener, org.springframework.test.context.support.DependencyInjectionTestExecutionListener, org.springframework.test.context.support.DirtiesContextTestExecutionListener, org.springframework.test.context.transaction.TransactionalTestExecutionListener, org.springframework.test.context.jdbc.SqlScriptsTestExecutionListener]
2019-11-01 08:56:37,533 [main] INFO  org.springframework.boot.test.context.SpringBootTestContextBootstrapper - Using TestExecutionListeners: [org.springframework.test.context.web.ServletTestExecutionListener@3c73951, org.springframework.test.context.support.DirtiesContextBeforeModesTestExecutionListener@3d5c822d, org.springframework.boot.test.mock.mockito.MockitoTestExecutionListener@6f46426d, org.springframework.boot.test.autoconfigure.SpringBootDependencyInjectionTestExecutionListener@73700b80, org.springframework.test.context.support.DirtiesContextTestExecutionListener@49c7b90e, org.springframework.test.context.transaction.TransactionalTestExecutionListener@10d307f1, org.springframework.test.context.jdbc.SqlScriptsTestExecutionListener@4d5b6aac, org.springframework.boot.test.mock.mockito.ResetMocksTestExecutionListener@3e84448c, org.springframework.boot.test.autoconfigure.restdocs.RestDocsTestExecutionListener@4a7f959b, org.springframework.boot.test.autoconfigure.web.client.MockRestServiceServerResetTestExecutionListener@429bffaa, org.springframework.boot.test.autoconfigure.web.servlet.MockMvcPrintOnlyOnFailureTestExecutionListener@5403f35f, org.springframework.boot.test.autoconfigure.web.servlet.WebDriverTestExecutionListener@483f6d77]
2019-11-01 08:56:44,240 [main] INFO  com.example.springbootdemo.SpringbootdemoApplicationTests - Starting SpringbootdemoApplicationTests on beixichen with PID 1628 (started by 西晨 in D:\IdeaProjects\springbootdemo)
2019-11-01 08:56:44,241 [main] INFO  com.example.springbootdemo.SpringbootdemoApplicationTests - No active profile set, falling back to default profiles: default
2019-11-01 08:56:50,054 [main] INFO  org.springframework.data.repository.config.RepositoryConfigurationDelegate - Multiple Spring Data modules found, entering strict repository configuration mode!
2019-11-01 08:56:50,066 [main] INFO  org.springframework.data.repository.config.RepositoryConfigurationDelegate - Bootstrapping Spring Data repositories in DEFAULT mode.
2019-11-01 08:56:50,190 [main] INFO  org.springframework.data.repository.config.RepositoryConfigurationDelegate - Finished Spring Data repository scanning in 86ms. Found 0 repository interfaces.
2019-11-01 08:56:50,282 [main] INFO  org.springframework.data.repository.config.RepositoryConfigurationDelegate - Multiple Spring Data modules found, entering strict repository configuration mode!
2019-11-01 08:56:50,284 [main] INFO  org.springframework.data.repository.config.RepositoryConfigurationDelegate - Bootstrapping Spring Data repositories in DEFAULT mode.
2019-11-01 08:56:50,441 [main] INFO  org.springframework.data.repository.config.RepositoryConfigurationDelegate - Finished Spring Data repository scanning in 9ms. Found 0 repository interfaces.
2019-11-01 08:56:52,013 [main] INFO  o.s.context.support.PostProcessorRegistrationDelegate$BeanPostProcessorChecker - Bean 'org.springframework.transaction.annotation.ProxyTransactionManagementConfiguration' of type [org.springframework.transaction.annotation.ProxyTransactionManagementConfiguration$$EnhancerBySpringCGLIB$$35a7c4b2] is not eligible for getting processed by all BeanPostProcessors (for example: not eligible for auto-proxying)
2019-11-01 08:56:52,423 [main] INFO  o.s.context.support.PostProcessorRegistrationDelegate$BeanPostProcessorChecker - Bean 'redisConfig' of type [com.example.config.RedisConfig$$EnhancerBySpringCGLIB$$9f9c7db9] is not eligible for getting processed by all BeanPostProcessors (for example: not eligible for auto-proxying)
2019-11-01 08:56:52,476 [main] INFO  o.s.context.support.PostProcessorRegistrationDelegate$BeanPostProcessorChecker - Bean 'shiroConfig' of type [com.example.config.ShiroConfig$$EnhancerBySpringCGLIB$$54cdf66f] is not eligible for getting processed by all BeanPostProcessors (for example: not eligible for auto-proxying)
2019-11-01 08:56:52,622 [main] INFO  o.s.context.support.PostProcessorRegistrationDelegate$BeanPostProcessorChecker - Bean 'mybatis-org.mybatis.spring.boot.autoconfigure.MybatisProperties' of type [org.mybatis.spring.boot.autoconfigure.MybatisProperties] is not eligible for getting processed by all BeanPostProcessors (for example: not eligible for auto-proxying)
2019-11-01 08:56:52,655 [main] INFO  o.s.context.support.PostProcessorRegistrationDelegate$BeanPostProcessorChecker - Bean 'org.mybatis.spring.boot.autoconfigure.MybatisAutoConfiguration' of type [org.mybatis.spring.boot.autoconfigure.MybatisAutoConfiguration$$EnhancerBySpringCGLIB$$687c15e2] is not eligible for getting processed by all BeanPostProcessors (for example: not eligible for auto-proxying)
2019-11-01 08:56:52,671 [main] INFO  o.s.context.support.PostProcessorRegistrationDelegate$BeanPostProcessorChecker - Bean 'org.springframework.boot.autoconfigure.jdbc.DataSourceConfiguration$Hikari' of type [org.springframework.boot.autoconfigure.jdbc.DataSourceConfiguration$Hikari$$EnhancerBySpringCGLIB$$76272e9f] is not eligible for getting processed by all BeanPostProcessors (for example: not eligible for auto-proxying)
2019-11-01 08:56:52,718 [main] INFO  o.s.context.support.PostProcessorRegistrationDelegate$BeanPostProcessorChecker - Bean 'spring.datasource-org.springframework.boot.autoconfigure.jdbc.DataSourceProperties' of type [org.springframework.boot.autoconfigure.jdbc.DataSourceProperties] is not eligible for getting processed by all BeanPostProcessors (for example: not eligible for auto-proxying)
2019-11-01 08:56:52,881 [main] INFO  o.s.context.support.PostProcessorRegistrationDelegate$BeanPostProcessorChecker - Bean 'dataSource' of type [com.zaxxer.hikari.HikariDataSource] is not eligible for getting processed by all BeanPostProcessors (for example: not eligible for auto-proxying)
2019-11-01 08:56:53,028 [main] INFO  o.s.context.support.PostProcessorRegistrationDelegate$BeanPostProcessorChecker - Bean 'org.springframework.boot.autoconfigure.jdbc.DataSourceInitializerInvoker' of type [org.springframework.boot.autoconfigure.jdbc.DataSourceInitializerInvoker] is not eligible for getting processed by all BeanPostProcessors (for example: not eligible for auto-proxying)
2019-11-01 08:56:53,743 [main] INFO  o.s.context.support.PostProcessorRegistrationDelegate$BeanPostProcessorChecker - Bean 'sqlSessionFactory' of type [org.apache.ibatis.session.defaults.DefaultSqlSessionFactory] is not eligible for getting processed by all BeanPostProcessors (for example: not eligible for auto-proxying)
2019-11-01 08:56:53,799 [main] INFO  o.s.context.support.PostProcessorRegistrationDelegate$BeanPostProcessorChecker - Bean 'sqlSessionTemplate' of type [org.mybatis.spring.SqlSessionTemplate] is not eligible for getting processed by all BeanPostProcessors (for example: not eligible for auto-proxying)
2019-11-01 08:56:53,802 [main] INFO  o.s.context.support.PostProcessorRegistrationDelegate$BeanPostProcessorChecker - Bean 'userDao' of type [org.mybatis.spring.mapper.MapperFactoryBean] is not eligible for getting processed by all BeanPostProcessors (for example: not eligible for auto-proxying)
2019-11-01 08:56:53,805 [main] INFO  o.s.context.support.PostProcessorRegistrationDelegate$BeanPostProcessorChecker - Bean 'userDao' of type [com.sun.proxy.$Proxy95] is not eligible for getting processed by all BeanPostProcessors (for example: not eligible for auto-proxying)
2019-11-01 08:56:53,840 [main] INFO  o.s.context.support.PostProcessorRegistrationDelegate$BeanPostProcessorChecker - Bean 'userService' of type [com.example.service.UserService] is not eligible for getting processed by all BeanPostProcessors (for example: not eligible for auto-proxying)
2019-11-01 08:56:53,841 [main] INFO  o.s.context.support.PostProcessorRegistrationDelegate$BeanPostProcessorChecker - Bean 'userRealm' of type [com.example.config.UserRealm] is not eligible for getting processed by all BeanPostProcessors (for example: not eligible for auto-proxying)
2019-11-01 08:56:55,204 [main] INFO  o.s.context.support.PostProcessorRegistrationDelegate$BeanPostProcessorChecker - Bean 'securityManager' of type [org.apache.shiro.web.mgt.DefaultWebSecurityManager] is not eligible for getting processed by all BeanPostProcessors (for example: not eligible for auto-proxying)
2019-11-01 08:56:55,420 [main] INFO  o.s.context.support.PostProcessorRegistrationDelegate$BeanPostProcessorChecker - Bean 'org.springframework.hateoas.config.HateoasConfiguration' of type [org.springframework.hateoas.config.HateoasConfiguration$$EnhancerBySpringCGLIB$$b52811e4] is not eligible for getting processed by all BeanPostProcessors (for example: not eligible for auto-proxying)
2019-11-01 08:57:06,287 [main] INFO  org.springframework.amqp.rabbit.connection.CachingConnectionFactory - Attempting to connect to: [127.0.0.1:5672]
2019-11-01 08:57:06,748 [main] INFO  org.springframework.amqp.rabbit.connection.CachingConnectionFactory - Created new connection: rabbitConnectionFactory#41f4039e:0/SimpleConnection@70b196d3 [delegate=amqp://guest@127.0.0.1:5672/, localPort= 1849]
2019-11-01 08:57:07,407 [main] INFO  springfox.documentation.spring.web.plugins.DocumentationPluginsBootstrapper - Context refreshed
2019-11-01 08:57:07,526 [main] INFO  springfox.documentation.spring.web.plugins.DocumentationPluginsBootstrapper - Found {0} custom documentation plugin(s)
2019-11-01 08:57:07,552 [main] INFO  springfox.documentation.spring.web.scanners.ApiListingReferenceScanner - Scanning for api listing references
2019-11-01 08:57:07,557 [main] INFO  springfox.documentation.swagger.web.ClassOrApiAnnotationResourceGrouping - Group for method hello was some-test
2019-11-01 08:57:07,579 [main] INFO  springfox.documentation.spring.web.scanners.ApiListingReferenceScanner - Request mapping: hello belongs to groups: [[ResourceGroup{groupName='some-test', position=0, controller=com.example.controller.MainController}]] 
2019-11-01 08:57:07,583 [main] INFO  springfox.documentation.swagger.web.ClassOrApiAnnotationResourceGrouping - Group for method sendDemoQueue was rabbit-mq-controller
2019-11-01 08:57:07,584 [main] INFO  springfox.documentation.spring.web.scanners.ApiListingReferenceScanner - Request mapping: sendDemoQueue belongs to groups: [[ResourceGroup{groupName='rabbit-mq-controller', position=0, controller=com.example.controller.RabbitMQController}]] 
2019-11-01 08:57:07,585 [main] INFO  springfox.documentation.swagger.web.ClassOrApiAnnotationResourceGrouping - Group for method sendFanout was rabbit-mq-controller
2019-11-01 08:57:07,586 [main] INFO  springfox.documentation.spring.web.scanners.ApiListingReferenceScanner - Request mapping: sendFanout belongs to groups: [[ResourceGroup{groupName='rabbit-mq-controller', position=0, controller=com.example.controller.RabbitMQController}]] 
2019-11-01 08:57:07,588 [main] INFO  springfox.documentation.swagger.web.ClassOrApiAnnotationResourceGrouping - Group for method sendTopicTopicAB was rabbit-mq-controller
2019-11-01 08:57:07,588 [main] INFO  springfox.documentation.spring.web.scanners.ApiListingReferenceScanner - Request mapping: sendTopicTopicAB belongs to groups: [[ResourceGroup{groupName='rabbit-mq-controller', position=0, controller=com.example.controller.RabbitMQController}]] 
2019-11-01 08:57:07,593 [main] INFO  springfox.documentation.swagger.web.ClassOrApiAnnotationResourceGrouping - Group for method sendTopicTopicBC was rabbit-mq-controller
2019-11-01 08:57:07,594 [main] INFO  springfox.documentation.spring.web.scanners.ApiListingReferenceScanner - Request mapping: sendTopicTopicBC belongs to groups: [[ResourceGroup{groupName='rabbit-mq-controller', position=0, controller=com.example.controller.RabbitMQController}]] 
2019-11-01 08:57:07,595 [main] INFO  springfox.documentation.swagger.web.ClassOrApiAnnotationResourceGrouping - Group for method sendTopicTopicB was rabbit-mq-controller
2019-11-01 08:57:07,596 [main] INFO  springfox.documentation.spring.web.scanners.ApiListingReferenceScanner - Request mapping: sendTopicTopicB belongs to groups: [[ResourceGroup{groupName='rabbit-mq-controller', position=0, controller=com.example.controller.RabbitMQController}]] 
2019-11-01 08:57:07,596 [main] INFO  springfox.documentation.swagger.web.ClassOrApiAnnotationResourceGrouping - Group for method getIndex was user-controller
2019-11-01 08:57:07,596 [main] INFO  springfox.documentation.spring.web.scanners.ApiListingReferenceScanner - Request mapping: getIndex belongs to groups: [[ResourceGroup{groupName='user-controller', position=0, controller=com.example.controller.UserController}]] 
2019-11-01 08:57:07,597 [main] INFO  springfox.documentation.swagger.web.ClassOrApiAnnotationResourceGrouping - Group for method getAll was user-controller
2019-11-01 08:57:07,597 [main] INFO  springfox.documentation.spring.web.scanners.ApiListingReferenceScanner - Request mapping: getAll belongs to groups: [[ResourceGroup{groupName='user-controller', position=0, controller=com.example.controller.UserController}]] 
2019-11-01 08:57:07,599 [main] INFO  springfox.documentation.swagger.web.ClassOrApiAnnotationResourceGrouping - Group for method getUserById was user-controller
2019-11-01 08:57:07,599 [main] INFO  springfox.documentation.spring.web.scanners.ApiListingReferenceScanner - Request mapping: getUserById belongs to groups: [[ResourceGroup{groupName='user-controller', position=0, controller=com.example.controller.UserController}]] 
2019-11-01 08:57:07,600 [main] INFO  springfox.documentation.swagger.web.ClassOrApiAnnotationResourceGrouping - Group for method getUserByName was user-controller
2019-11-01 08:57:07,601 [main] INFO  springfox.documentation.spring.web.scanners.ApiListingReferenceScanner - Request mapping: getUserByName belongs to groups: [[ResourceGroup{groupName='user-controller', position=0, controller=com.example.controller.UserController}]] 
2019-11-01 08:57:07,607 [main] INFO  springfox.documentation.swagger.web.ClassOrApiAnnotationResourceGrouping - Group for method login was user-controller
2019-11-01 08:57:07,607 [main] INFO  springfox.documentation.spring.web.scanners.ApiListingReferenceScanner - Request mapping: login belongs to groups: [[ResourceGroup{groupName='user-controller', position=0, controller=com.example.controller.UserController}]] 
2019-11-01 08:57:07,608 [main] INFO  springfox.documentation.swagger.web.ClassOrApiAnnotationResourceGrouping - Group for method noAuth was user-controller
2019-11-01 08:57:07,621 [main] INFO  springfox.documentation.spring.web.scanners.ApiListingReferenceScanner - Request mapping: noAuth belongs to groups: [[ResourceGroup{groupName='user-controller', position=0, controller=com.example.controller.UserController}]] 
2019-11-01 08:57:07,622 [main] INFO  springfox.documentation.swagger.web.ClassOrApiAnnotationResourceGrouping - Group for method redisGetUser was user-controller
2019-11-01 08:57:07,622 [main] INFO  springfox.documentation.spring.web.scanners.ApiListingReferenceScanner - Request mapping: redisGetUser belongs to groups: [[ResourceGroup{groupName='user-controller', position=0, controller=com.example.controller.UserController}]] 
2019-11-01 08:57:07,628 [main] INFO  springfox.documentation.swagger.web.ClassOrApiAnnotationResourceGrouping - Group for method Test was user-controller
2019-11-01 08:57:07,628 [main] INFO  springfox.documentation.spring.web.scanners.ApiListingReferenceScanner - Request mapping: Test belongs to groups: [[ResourceGroup{groupName='user-controller', position=0, controller=com.example.controller.UserController}]] 
2019-11-01 08:57:07,636 [main] INFO  springfox.documentation.swagger.web.ClassOrApiAnnotationResourceGrouping - Group for method toLogin was user-controller
2019-11-01 08:57:07,637 [main] INFO  springfox.documentation.spring.web.scanners.ApiListingReferenceScanner - Request mapping: toLogin belongs to groups: [[ResourceGroup{groupName='user-controller', position=0, controller=com.example.controller.UserController}]] 
2019-11-01 08:57:07,639 [main] INFO  springfox.documentation.swagger.web.ClassOrApiAnnotationResourceGrouping - Group for method TT was user-controller
2019-11-01 08:57:07,648 [main] INFO  springfox.documentation.spring.web.scanners.ApiListingReferenceScanner - Request mapping: TT belongs to groups: [[ResourceGroup{groupName='user-controller', position=0, controller=com.example.controller.UserController}]] 
2019-11-01 08:57:07,649 [main] INFO  springfox.documentation.swagger.web.ClassOrApiAnnotationResourceGrouping - Group for method T was user-controller
2019-11-01 08:57:07,649 [main] INFO  springfox.documentation.spring.web.scanners.ApiListingReferenceScanner - Request mapping: T belongs to groups: [[ResourceGroup{groupName='user-controller', position=0, controller=com.example.controller.UserController}]] 
2019-11-01 08:57:07,714 [main] INFO  springfox.documentation.spring.web.scanners.ApiListingReferenceScanner - Created resource listing Path: /default/rabbit-mq-controller Description: rabbit-mq-controller Position: 0
2019-11-01 08:57:07,718 [main] INFO  springfox.documentation.spring.web.scanners.ApiListingReferenceScanner - Created resource listing Path: /default/user-controller Description: user-controller Position: 0
2019-11-01 08:57:07,719 [main] INFO  springfox.documentation.spring.web.scanners.ApiListingReferenceScanner - Created resource listing Path: /default/some-test Description: some-test Position: 0
2019-11-01 08:57:07,841 [main] INFO  springfox.documentation.schema.ModelContextKeyGenerator - Cache Key Generated: java.lang.Object(true)
2019-11-01 08:57:07,841 [main] INFO  springfox.documentation.spring.web.caching.CachingAspect - Caching aspect applied for cache models with key java.lang.Object(true)
2019-11-01 08:57:07,861 [main] INFO  springfox.documentation.schema.ModelContextKeyGenerator - Cache Key Generated: java.lang.Object(true)
2019-11-01 08:57:07,862 [main] INFO  springfox.documentation.spring.web.caching.CachingAspect - Caching aspect applied for cache modelDependencies with key java.lang.Object(true)
2019-11-01 08:57:07,877 [main] INFO  springfox.documentation.spring.web.OperationsKeyGenerator - Cache key generated: /sendDemoQueue.com.example.controller.RabbitMQController.sendDemoQueue.DefaultGenericTypeNamingStrategy
2019-11-01 08:57:07,878 [main] INFO  springfox.documentation.spring.web.caching.CachingAspect - Caching aspect applied for cache operations with key /sendDemoQueue.com.example.controller.RabbitMQController.sendDemoQueue.DefaultGenericTypeNamingStrategy
2019-11-01 08:57:07,917 [main] INFO  springfox.documentation.swagger.web.ClassOrApiAnnotationResourceGrouping - Group for method sendDemoQueue was rabbit-mq-controller
2019-11-01 08:57:07,931 [main] INFO  springfox.documentation.swagger.web.ClassOrApiAnnotationResourceGrouping - Group for method sendDemoQueue was rabbit-mq-controller
2019-11-01 08:57:08,007 [main] INFO  springfox.documentation.schema.ModelContextKeyGenerator - Cache Key Generated: java.lang.Object(true)
2019-11-01 08:57:08,008 [main] INFO  springfox.documentation.spring.web.caching.CachingAspect - Caching aspect applied for cache models with key java.lang.Object(true)
2019-11-01 08:57:08,008 [main] INFO  springfox.documentation.schema.ModelContextKeyGenerator - Cache Key Generated: java.lang.Object(true)
2019-11-01 08:57:08,008 [main] INFO  springfox.documentation.spring.web.caching.CachingAspect - Caching aspect applied for cache modelDependencies with key java.lang.Object(true)
2019-11-01 08:57:08,015 [main] INFO  springfox.documentation.spring.web.OperationsKeyGenerator - Cache key generated: /sendFanout.com.example.controller.RabbitMQController.sendFanout.DefaultGenericTypeNamingStrategy
2019-11-01 08:57:08,015 [main] INFO  springfox.documentation.spring.web.caching.CachingAspect - Caching aspect applied for cache operations with key /sendFanout.com.example.controller.RabbitMQController.sendFanout.DefaultGenericTypeNamingStrategy
2019-11-01 08:57:08,016 [main] INFO  springfox.documentation.swagger.web.ClassOrApiAnnotationResourceGrouping - Group for method sendFanout was rabbit-mq-controller
2019-11-01 08:57:08,019 [main] INFO  springfox.documentation.swagger.web.ClassOrApiAnnotationResourceGrouping - Group for method sendFanout was rabbit-mq-controller
2019-11-01 08:57:08,020 [main] INFO  springfox.documentation.schema.ModelContextKeyGenerator - Cache Key Generated: java.lang.Object(true)
2019-11-01 08:57:08,021 [main] INFO  springfox.documentation.spring.web.caching.CachingAspect - Caching aspect applied for cache models with key java.lang.Object(true)
2019-11-01 08:57:08,022 [main] INFO  springfox.documentation.schema.ModelContextKeyGenerator - Cache Key Generated: java.lang.Object(true)
2019-11-01 08:57:08,024 [main] INFO  springfox.documentation.spring.web.caching.CachingAspect - Caching aspect applied for cache modelDependencies with key java.lang.Object(true)
2019-11-01 08:57:08,025 [main] INFO  springfox.documentation.spring.web.OperationsKeyGenerator - Cache key generated: /sendTopicTopicAB.com.example.controller.RabbitMQController.sendTopicTopicAB.DefaultGenericTypeNamingStrategy
2019-11-01 08:57:08,026 [main] INFO  springfox.documentation.spring.web.caching.CachingAspect - Caching aspect applied for cache operations with key /sendTopicTopicAB.com.example.controller.RabbitMQController.sendTopicTopicAB.DefaultGenericTypeNamingStrategy
2019-11-01 08:57:08,027 [main] INFO  springfox.documentation.swagger.web.ClassOrApiAnnotationResourceGrouping - Group for method sendTopicTopicAB was rabbit-mq-controller
2019-11-01 08:57:08,029 [main] INFO  springfox.documentation.swagger.web.ClassOrApiAnnotationResourceGrouping - Group for method sendTopicTopicAB was rabbit-mq-controller
2019-11-01 08:57:08,034 [main] INFO  springfox.documentation.schema.ModelContextKeyGenerator - Cache Key Generated: java.lang.Object(true)
2019-11-01 08:57:08,034 [main] INFO  springfox.documentation.spring.web.caching.CachingAspect - Caching aspect applied for cache models with key java.lang.Object(true)
2019-11-01 08:57:08,035 [main] INFO  springfox.documentation.schema.ModelContextKeyGenerator - Cache Key Generated: java.lang.Object(true)
2019-11-01 08:57:08,035 [main] INFO  springfox.documentation.spring.web.caching.CachingAspect - Caching aspect applied for cache modelDependencies with key java.lang.Object(true)
2019-11-01 08:57:08,036 [main] INFO  springfox.documentation.spring.web.OperationsKeyGenerator - Cache key generated: /sendTopicTopicB.com.example.controller.RabbitMQController.sendTopicTopicB.DefaultGenericTypeNamingStrategy
2019-11-01 08:57:08,038 [main] INFO  springfox.documentation.spring.web.caching.CachingAspect - Caching aspect applied for cache operations with key /sendTopicTopicB.com.example.controller.RabbitMQController.sendTopicTopicB.DefaultGenericTypeNamingStrategy
2019-11-01 08:57:08,040 [main] INFO  springfox.documentation.swagger.web.ClassOrApiAnnotationResourceGrouping - Group for method sendTopicTopicB was rabbit-mq-controller
2019-11-01 08:57:08,042 [main] INFO  springfox.documentation.swagger.web.ClassOrApiAnnotationResourceGrouping - Group for method sendTopicTopicB was rabbit-mq-controller
2019-11-01 08:57:08,058 [main] INFO  springfox.documentation.schema.ModelContextKeyGenerator - Cache Key Generated: java.lang.Object(true)
2019-11-01 08:57:08,059 [main] INFO  springfox.documentation.spring.web.caching.CachingAspect - Caching aspect applied for cache models with key java.lang.Object(true)
2019-11-01 08:57:08,060 [main] INFO  springfox.documentation.schema.ModelContextKeyGenerator - Cache Key Generated: java.lang.Object(true)
2019-11-01 08:57:08,060 [main] INFO  springfox.documentation.spring.web.caching.CachingAspect - Caching aspect applied for cache modelDependencies with key java.lang.Object(true)
2019-11-01 08:57:08,061 [main] INFO  springfox.documentation.spring.web.OperationsKeyGenerator - Cache key generated: /sendTopicTopicBC.com.example.controller.RabbitMQController.sendTopicTopicBC.DefaultGenericTypeNamingStrategy
2019-11-01 08:57:08,061 [main] INFO  springfox.documentation.spring.web.caching.CachingAspect - Caching aspect applied for cache operations with key /sendTopicTopicBC.com.example.controller.RabbitMQController.sendTopicTopicBC.DefaultGenericTypeNamingStrategy
2019-11-01 08:57:08,062 [main] INFO  springfox.documentation.swagger.web.ClassOrApiAnnotationResourceGrouping - Group for method sendTopicTopicBC was rabbit-mq-controller
2019-11-01 08:57:08,063 [main] INFO  springfox.documentation.swagger.web.ClassOrApiAnnotationResourceGrouping - Group for method sendTopicTopicBC was rabbit-mq-controller
2019-11-01 08:57:08,311 [main] INFO  springfox.documentation.schema.ModelContextKeyGenerator - Cache Key Generated: java.lang.String(true)
2019-11-01 08:57:08,312 [main] INFO  springfox.documentation.spring.web.caching.CachingAspect - Caching aspect applied for cache models with key java.lang.String(true)
2019-11-01 08:57:08,313 [main] INFO  springfox.documentation.schema.ModelContextKeyGenerator - Cache Key Generated: java.lang.String(true)
2019-11-01 08:57:08,314 [main] INFO  springfox.documentation.spring.web.caching.CachingAspect - Caching aspect applied for cache modelDependencies with key java.lang.String(true)
2019-11-01 08:57:08,325 [main] INFO  springfox.documentation.spring.web.OperationsKeyGenerator - Cache key generated: /hello.com.example.controller.MainController.hello.DefaultGenericTypeNamingStrategy
2019-11-01 08:57:08,326 [main] INFO  springfox.documentation.spring.web.caching.CachingAspect - Caching aspect applied for cache operations with key /hello.com.example.controller.MainController.hello.DefaultGenericTypeNamingStrategy
2019-11-01 08:57:08,329 [main] INFO  springfox.documentation.swagger.web.ClassOrApiAnnotationResourceGrouping - Group for method hello was some-test
2019-11-01 08:57:08,331 [main] INFO  springfox.documentation.swagger.web.ClassOrApiAnnotationResourceGrouping - Group for method hello was some-test
2019-11-01 08:57:08,375 [main] INFO  springfox.documentation.schema.ModelContextKeyGenerator - Cache Key Generated: java.lang.Integer(false)
2019-11-01 08:57:08,377 [main] INFO  springfox.documentation.spring.web.caching.CachingAspect - Caching aspect applied for cache models with key java.lang.Integer(false)
2019-11-01 08:57:08,380 [main] INFO  springfox.documentation.schema.ModelContextKeyGenerator - Cache Key Generated: java.lang.Integer(false)
2019-11-01 08:57:08,382 [main] INFO  springfox.documentation.spring.web.caching.CachingAspect - Caching aspect applied for cache modelDependencies with key java.lang.Integer(false)
2019-11-01 08:57:08,383 [main] INFO  springfox.documentation.schema.ModelContextKeyGenerator - Cache Key Generated: com.example.domain.User(true)
2019-11-01 08:57:08,384 [main] INFO  springfox.documentation.spring.web.caching.CachingAspect - Caching aspect applied for cache models with key com.example.domain.User(true)
2019-11-01 08:57:08,389 [main] INFO  springfox.documentation.schema.property.ModelPropertiesKeyGenerator - Cache key generated: com.example.domain.User(true)
2019-11-01 08:57:08,394 [main] INFO  springfox.documentation.spring.web.caching.CachingAspect - Caching aspect applied for cache modelProperties with key com.example.domain.User(true)
2019-11-01 08:57:08,533 [main] INFO  springfox.documentation.schema.ModelContextKeyGenerator - Cache Key Generated: com.example.domain.User(true)
2019-11-01 08:57:08,534 [main] INFO  springfox.documentation.spring.web.caching.CachingAspect - Caching aspect applied for cache modelDependencies with key com.example.domain.User(true)
2019-11-01 08:57:08,537 [main] INFO  springfox.documentation.schema.property.ModelPropertiesKeyGenerator - Cache key generated: com.example.domain.User(true)
2019-11-01 08:57:08,538 [main] INFO  springfox.documentation.spring.web.caching.CachingAspect - Caching aspect applied for cache modelProperties with key com.example.domain.User(true)
2019-11-01 08:57:08,541 [main] INFO  springfox.documentation.spring.web.OperationsKeyGenerator - Cache key generated: /user.com.example.controller.UserController.T.DefaultGenericTypeNamingStrategy
2019-11-01 08:57:08,542 [main] INFO  springfox.documentation.spring.web.caching.CachingAspect - Caching aspect applied for cache operations with key /user.com.example.controller.UserController.T.DefaultGenericTypeNamingStrategy
2019-11-01 08:57:08,569 [main] INFO  springfox.documentation.swagger.web.ClassOrApiAnnotationResourceGrouping - Group for method T was user-controller
2019-11-01 08:57:08,571 [main] INFO  springfox.documentation.swagger.web.ClassOrApiAnnotationResourceGrouping - Group for method T was user-controller
2019-11-01 08:57:08,579 [main] INFO  springfox.documentation.schema.ModelContextKeyGenerator - Cache Key Generated: com.example.domain.User(true)
2019-11-01 08:57:08,583 [main] INFO  springfox.documentation.spring.web.caching.CachingAspect - Caching aspect applied for cache models with key com.example.domain.User(true)
2019-11-01 08:57:08,590 [main] INFO  springfox.documentation.schema.ModelContextKeyGenerator - Cache Key Generated: com.example.domain.User(true)
2019-11-01 08:57:08,590 [main] INFO  springfox.documentation.spring.web.caching.CachingAspect - Caching aspect applied for cache modelDependencies with key com.example.domain.User(true)
2019-11-01 08:57:08,591 [main] INFO  springfox.documentation.spring.web.OperationsKeyGenerator - Cache key generated: /user/tt/{input}.com.example.controller.UserController.TT.DefaultGenericTypeNamingStrategy
2019-11-01 08:57:08,594 [main] INFO  springfox.documentation.spring.web.caching.CachingAspect - Caching aspect applied for cache operations with key /user/tt/{input}.com.example.controller.UserController.TT.DefaultGenericTypeNamingStrategy
2019-11-01 08:57:08,606 [main] INFO  springfox.documentation.swagger.web.ClassOrApiAnnotationResourceGrouping - Group for method TT was user-controller
2019-11-01 08:57:08,607 [main] INFO  springfox.documentation.swagger.web.ClassOrApiAnnotationResourceGrouping - Group for method TT was user-controller
2019-11-01 08:57:08,617 [main] INFO  springfox.documentation.schema.ModelContextKeyGenerator - Cache Key Generated: com.example.domain.User(true)
2019-11-01 08:57:08,635 [main] INFO  springfox.documentation.spring.web.caching.CachingAspect - Caching aspect applied for cache models with key com.example.domain.User(true)
2019-11-01 08:57:08,636 [main] INFO  springfox.documentation.schema.ModelContextKeyGenerator - Cache Key Generated: com.example.domain.User(true)
2019-11-01 08:57:08,636 [main] INFO  springfox.documentation.spring.web.caching.CachingAspect - Caching aspect applied for cache modelDependencies with key com.example.domain.User(true)
2019-11-01 08:57:08,637 [main] INFO  springfox.documentation.spring.web.OperationsKeyGenerator - Cache key generated: /user/test.com.example.controller.UserController.Test.DefaultGenericTypeNamingStrategy
2019-11-01 08:57:08,637 [main] INFO  springfox.documentation.spring.web.caching.CachingAspect - Caching aspect applied for cache operations with key /user/test.com.example.controller.UserController.Test.DefaultGenericTypeNamingStrategy
2019-11-01 08:57:08,645 [main] INFO  springfox.documentation.swagger.web.ClassOrApiAnnotationResourceGrouping - Group for method Test was user-controller
2019-11-01 08:57:08,657 [main] INFO  springfox.documentation.swagger.web.ClassOrApiAnnotationResourceGrouping - Group for method Test was user-controller
2019-11-01 08:57:08,669 [main] INFO  springfox.documentation.schema.ModelContextKeyGenerator - Cache Key Generated: java.util.List<com.example.domain.User>(true)
2019-11-01 08:57:08,669 [main] INFO  springfox.documentation.spring.web.caching.CachingAspect - Caching aspect applied for cache models with key java.util.List<com.example.domain.User>(true)
2019-11-01 08:57:08,670 [main] INFO  springfox.documentation.schema.ModelContextKeyGenerator - Cache Key Generated: java.util.List<com.example.domain.User>(true)
2019-11-01 08:57:08,670 [main] INFO  springfox.documentation.spring.web.caching.CachingAspect - Caching aspect applied for cache modelDependencies with key java.util.List<com.example.domain.User>(true)
2019-11-01 08:57:08,671 [main] INFO  springfox.documentation.schema.property.ModelPropertiesKeyGenerator - Cache key generated: com.example.domain.User(true)
2019-11-01 08:57:08,671 [main] INFO  springfox.documentation.spring.web.caching.CachingAspect - Caching aspect applied for cache modelProperties with key com.example.domain.User(true)
2019-11-01 08:57:08,672 [main] INFO  springfox.documentation.schema.property.ModelPropertiesKeyGenerator - Cache key generated: java.util.List<com.example.domain.User>(true)
2019-11-01 08:57:08,676 [main] INFO  springfox.documentation.spring.web.caching.CachingAspect - Caching aspect applied for cache modelProperties with key java.util.List<com.example.domain.User>(true)
2019-11-01 08:57:08,681 [main] INFO  springfox.documentation.schema.property.ModelPropertiesKeyGenerator - Cache key generated: com.example.domain.User(true)
2019-11-01 08:57:08,682 [main] INFO  springfox.documentation.spring.web.caching.CachingAspect - Caching aspect applied for cache modelProperties with key com.example.domain.User(true)
2019-11-01 08:57:08,684 [main] INFO  springfox.documentation.spring.web.OperationsKeyGenerator - Cache key generated: /user/getAll.com.example.controller.UserController.getAll.DefaultGenericTypeNamingStrategy
2019-11-01 08:57:08,685 [main] INFO  springfox.documentation.spring.web.caching.CachingAspect - Caching aspect applied for cache operations with key /user/getAll.com.example.controller.UserController.getAll.DefaultGenericTypeNamingStrategy
2019-11-01 08:57:08,686 [main] INFO  springfox.documentation.swagger.web.ClassOrApiAnnotationResourceGrouping - Group for method getAll was user-controller
2019-11-01 08:57:08,690 [main] INFO  springfox.documentation.swagger.web.ClassOrApiAnnotationResourceGrouping - Group for method getAll was user-controller
2019-11-01 08:57:08,698 [main] INFO  springfox.documentation.schema.ModelContextKeyGenerator - Cache Key Generated: java.lang.String(true)
2019-11-01 08:57:08,698 [main] INFO  springfox.documentation.spring.web.caching.CachingAspect - Caching aspect applied for cache models with key java.lang.String(true)
2019-11-01 08:57:08,699 [main] INFO  springfox.documentation.schema.ModelContextKeyGenerator - Cache Key Generated: java.lang.String(true)
2019-11-01 08:57:08,699 [main] INFO  springfox.documentation.spring.web.caching.CachingAspect - Caching aspect applied for cache modelDependencies with key java.lang.String(true)
2019-11-01 08:57:08,702 [main] INFO  springfox.documentation.spring.web.OperationsKeyGenerator - Cache key generated: /user/.com.example.controller.UserController.getIndex.DefaultGenericTypeNamingStrategy
2019-11-01 08:57:08,703 [main] INFO  springfox.documentation.spring.web.caching.CachingAspect - Caching aspect applied for cache operations with key /user/.com.example.controller.UserController.getIndex.DefaultGenericTypeNamingStrategy
2019-11-01 08:57:08,705 [main] INFO  springfox.documentation.swagger.web.ClassOrApiAnnotationResourceGrouping - Group for method getIndex was user-controller
2019-11-01 08:57:08,711 [main] INFO  springfox.documentation.swagger.web.ClassOrApiAnnotationResourceGrouping - Group for method getIndex was user-controller
2019-11-01 08:57:08,713 [main] INFO  springfox.documentation.schema.ModelContextKeyGenerator - Cache Key Generated: java.lang.String(true)
2019-11-01 08:57:08,713 [main] INFO  springfox.documentation.spring.web.caching.CachingAspect - Caching aspect applied for cache models with key java.lang.String(true)
2019-11-01 08:57:08,713 [main] INFO  springfox.documentation.schema.ModelContextKeyGenerator - Cache Key Generated: java.lang.String(true)
2019-11-01 08:57:08,713 [main] INFO  springfox.documentation.spring.web.caching.CachingAspect - Caching aspect applied for cache modelDependencies with key java.lang.String(true)
2019-11-01 08:57:08,714 [main] INFO  springfox.documentation.spring.web.OperationsKeyGenerator - Cache key generated: /user/getUserById.com.example.controller.UserController.getUserById.DefaultGenericTypeNamingStrategy
2019-11-01 08:57:08,714 [main] INFO  springfox.documentation.spring.web.caching.CachingAspect - Caching aspect applied for cache operations with key /user/getUserById.com.example.controller.UserController.getUserById.DefaultGenericTypeNamingStrategy
2019-11-01 08:57:08,716 [main] INFO  springfox.documentation.swagger.web.ClassOrApiAnnotationResourceGrouping - Group for method getUserById was user-controller
2019-11-01 08:57:08,721 [main] INFO  springfox.documentation.swagger.web.ClassOrApiAnnotationResourceGrouping - Group for method getUserById was user-controller
2019-11-01 08:57:08,725 [main] INFO  springfox.documentation.schema.ModelContextKeyGenerator - Cache Key Generated: com.example.domain.User(true)
2019-11-01 08:57:08,726 [main] INFO  springfox.documentation.spring.web.caching.CachingAspect - Caching aspect applied for cache models with key com.example.domain.User(true)
2019-11-01 08:57:08,726 [main] INFO  springfox.documentation.schema.ModelContextKeyGenerator - Cache Key Generated: com.example.domain.User(true)
2019-11-01 08:57:08,726 [main] INFO  springfox.documentation.spring.web.caching.CachingAspect - Caching aspect applied for cache modelDependencies with key com.example.domain.User(true)
2019-11-01 08:57:08,727 [main] INFO  springfox.documentation.spring.web.OperationsKeyGenerator - Cache key generated: /user/getUserByName.com.example.controller.UserController.getUserByName.DefaultGenericTypeNamingStrategy
2019-11-01 08:57:08,727 [main] INFO  springfox.documentation.spring.web.caching.CachingAspect - Caching aspect applied for cache operations with key /user/getUserByName.com.example.controller.UserController.getUserByName.DefaultGenericTypeNamingStrategy
2019-11-01 08:57:08,730 [main] INFO  springfox.documentation.swagger.web.ClassOrApiAnnotationResourceGrouping - Group for method getUserByName was user-controller
2019-11-01 08:57:08,732 [main] INFO  springfox.documentation.swagger.web.ClassOrApiAnnotationResourceGrouping - Group for method getUserByName was user-controller
2019-11-01 08:57:08,733 [main] INFO  springfox.documentation.schema.ModelContextKeyGenerator - Cache Key Generated: java.lang.String(true)
2019-11-01 08:57:08,734 [main] INFO  springfox.documentation.spring.web.caching.CachingAspect - Caching aspect applied for cache models with key java.lang.String(true)
2019-11-01 08:57:08,734 [main] INFO  springfox.documentation.schema.ModelContextKeyGenerator - Cache Key Generated: java.lang.String(true)
2019-11-01 08:57:08,751 [main] INFO  springfox.documentation.spring.web.caching.CachingAspect - Caching aspect applied for cache modelDependencies with key java.lang.String(true)
2019-11-01 08:57:08,755 [main] INFO  springfox.documentation.spring.web.OperationsKeyGenerator - Cache key generated: /user/login.com.example.controller.UserController.login.DefaultGenericTypeNamingStrategy
2019-11-01 08:57:08,756 [main] INFO  springfox.documentation.spring.web.caching.CachingAspect - Caching aspect applied for cache operations with key /user/login.com.example.controller.UserController.login.DefaultGenericTypeNamingStrategy
2019-11-01 08:57:08,769 [main] INFO  springfox.documentation.swagger.web.ClassOrApiAnnotationResourceGrouping - Group for method login was user-controller
2019-11-01 08:57:08,770 [main] INFO  springfox.documentation.swagger.web.ClassOrApiAnnotationResourceGrouping - Group for method login was user-controller
2019-11-01 08:57:08,777 [main] INFO  springfox.documentation.swagger.web.ClassOrApiAnnotationResourceGrouping - Group for method login was user-controller
2019-11-01 08:57:08,781 [main] INFO  springfox.documentation.swagger.web.ClassOrApiAnnotationResourceGrouping - Group for method login was user-controller
2019-11-01 08:57:08,789 [main] INFO  springfox.documentation.swagger.web.ClassOrApiAnnotationResourceGrouping - Group for method login was user-controller
2019-11-01 08:57:08,794 [main] INFO  springfox.documentation.swagger.web.ClassOrApiAnnotationResourceGrouping - Group for method login was user-controller
2019-11-01 08:57:08,816 [main] INFO  springfox.documentation.swagger.web.ClassOrApiAnnotationResourceGrouping - Group for method login was user-controller
2019-11-01 08:57:08,818 [main] INFO  springfox.documentation.swagger.web.ClassOrApiAnnotationResourceGrouping - Group for method login was user-controller
2019-11-01 08:57:08,871 [main] INFO  springfox.documentation.swagger.web.ClassOrApiAnnotationResourceGrouping - Group for method login was user-controller
2019-11-01 08:57:08,872 [main] INFO  springfox.documentation.swagger.web.ClassOrApiAnnotationResourceGrouping - Group for method login was user-controller
2019-11-01 08:57:08,877 [main] INFO  springfox.documentation.swagger.web.ClassOrApiAnnotationResourceGrouping - Group for method login was user-controller
2019-11-01 08:57:08,879 [main] INFO  springfox.documentation.swagger.web.ClassOrApiAnnotationResourceGrouping - Group for method login was user-controller
2019-11-01 08:57:08,883 [main] INFO  springfox.documentation.swagger.web.ClassOrApiAnnotationResourceGrouping - Group for method login was user-controller
2019-11-01 08:57:08,884 [main] INFO  springfox.documentation.swagger.web.ClassOrApiAnnotationResourceGrouping - Group for method login was user-controller
2019-11-01 08:57:08,887 [main] INFO  springfox.documentation.swagger.web.ClassOrApiAnnotationResourceGrouping - Group for method login was user-controller
2019-11-01 08:57:08,889 [main] INFO  springfox.documentation.swagger.web.ClassOrApiAnnotationResourceGrouping - Group for method login was user-controller
2019-11-01 08:57:08,890 [main] INFO  springfox.documentation.schema.ModelContextKeyGenerator - Cache Key Generated: java.lang.String(true)
2019-11-01 08:57:08,890 [main] INFO  springfox.documentation.spring.web.caching.CachingAspect - Caching aspect applied for cache models with key java.lang.String(true)
2019-11-01 08:57:08,891 [main] INFO  springfox.documentation.schema.ModelContextKeyGenerator - Cache Key Generated: java.lang.String(true)
2019-11-01 08:57:08,891 [main] INFO  springfox.documentation.spring.web.caching.CachingAspect - Caching aspect applied for cache modelDependencies with key java.lang.String(true)
2019-11-01 08:57:08,891 [main] INFO  springfox.documentation.spring.web.OperationsKeyGenerator - Cache key generated: /user/noAuth.com.example.controller.UserController.noAuth.DefaultGenericTypeNamingStrategy
2019-11-01 08:57:08,891 [main] INFO  springfox.documentation.spring.web.caching.CachingAspect - Caching aspect applied for cache operations with key /user/noAuth.com.example.controller.UserController.noAuth.DefaultGenericTypeNamingStrategy
2019-11-01 08:57:08,894 [main] INFO  springfox.documentation.swagger.web.ClassOrApiAnnotationResourceGrouping - Group for method noAuth was user-controller
2019-11-01 08:57:08,896 [main] INFO  springfox.documentation.swagger.web.ClassOrApiAnnotationResourceGrouping - Group for method noAuth was user-controller
2019-11-01 08:57:08,899 [main] INFO  springfox.documentation.swagger.web.ClassOrApiAnnotationResourceGrouping - Group for method noAuth was user-controller
2019-11-01 08:57:08,901 [main] INFO  springfox.documentation.swagger.web.ClassOrApiAnnotationResourceGrouping - Group for method noAuth was user-controller
2019-11-01 08:57:08,902 [main] INFO  springfox.documentation.swagger.web.ClassOrApiAnnotationResourceGrouping - Group for method noAuth was user-controller
2019-11-01 08:57:08,903 [main] INFO  springfox.documentation.swagger.web.ClassOrApiAnnotationResourceGrouping - Group for method noAuth was user-controller
2019-11-01 08:57:08,904 [main] INFO  springfox.documentation.swagger.web.ClassOrApiAnnotationResourceGrouping - Group for method noAuth was user-controller
2019-11-01 08:57:08,905 [main] INFO  springfox.documentation.swagger.web.ClassOrApiAnnotationResourceGrouping - Group for method noAuth was user-controller
2019-11-01 08:57:08,906 [main] INFO  springfox.documentation.swagger.web.ClassOrApiAnnotationResourceGrouping - Group for method noAuth was user-controller
2019-11-01 08:57:08,907 [main] INFO  springfox.documentation.swagger.web.ClassOrApiAnnotationResourceGrouping - Group for method noAuth was user-controller
2019-11-01 08:57:08,908 [main] INFO  springfox.documentation.swagger.web.ClassOrApiAnnotationResourceGrouping - Group for method noAuth was user-controller
2019-11-01 08:57:08,909 [main] INFO  springfox.documentation.swagger.web.ClassOrApiAnnotationResourceGrouping - Group for method noAuth was user-controller
2019-11-01 08:57:08,910 [main] INFO  springfox.documentation.swagger.web.ClassOrApiAnnotationResourceGrouping - Group for method noAuth was user-controller
2019-11-01 08:57:08,911 [main] INFO  springfox.documentation.swagger.web.ClassOrApiAnnotationResourceGrouping - Group for method noAuth was user-controller
2019-11-01 08:57:08,912 [main] INFO  springfox.documentation.swagger.web.ClassOrApiAnnotationResourceGrouping - Group for method noAuth was user-controller
2019-11-01 08:57:08,913 [main] INFO  springfox.documentation.swagger.web.ClassOrApiAnnotationResourceGrouping - Group for method noAuth was user-controller
2019-11-01 08:57:08,914 [main] INFO  springfox.documentation.schema.ModelContextKeyGenerator - Cache Key Generated: com.example.domain.User(true)
2019-11-01 08:57:08,914 [main] INFO  springfox.documentation.spring.web.caching.CachingAspect - Caching aspect applied for cache models with key com.example.domain.User(true)
2019-11-01 08:57:08,914 [main] INFO  springfox.documentation.schema.ModelContextKeyGenerator - Cache Key Generated: com.example.domain.User(true)
2019-11-01 08:57:08,914 [main] INFO  springfox.documentation.spring.web.caching.CachingAspect - Caching aspect applied for cache modelDependencies with key com.example.domain.User(true)
2019-11-01 08:57:08,915 [main] INFO  springfox.documentation.spring.web.OperationsKeyGenerator - Cache key generated: /user/redisTest.com.example.controller.UserController.redisGetUser.DefaultGenericTypeNamingStrategy
2019-11-01 08:57:08,915 [main] INFO  springfox.documentation.spring.web.caching.CachingAspect - Caching aspect applied for cache operations with key /user/redisTest.com.example.controller.UserController.redisGetUser.DefaultGenericTypeNamingStrategy
2019-11-01 08:57:08,916 [main] INFO  springfox.documentation.swagger.web.ClassOrApiAnnotationResourceGrouping - Group for method redisGetUser was user-controller
2019-11-01 08:57:08,917 [main] INFO  springfox.documentation.swagger.web.ClassOrApiAnnotationResourceGrouping - Group for method redisGetUser was user-controller
2019-11-01 08:57:08,919 [main] INFO  springfox.documentation.schema.ModelContextKeyGenerator - Cache Key Generated: java.lang.String(true)
2019-11-01 08:57:08,920 [main] INFO  springfox.documentation.spring.web.caching.CachingAspect - Caching aspect applied for cache models with key java.lang.String(true)
2019-11-01 08:57:08,920 [main] INFO  springfox.documentation.schema.ModelContextKeyGenerator - Cache Key Generated: java.lang.String(true)
2019-11-01 08:57:08,920 [main] INFO  springfox.documentation.spring.web.caching.CachingAspect - Caching aspect applied for cache modelDependencies with key java.lang.String(true)
2019-11-01 08:57:08,920 [main] INFO  springfox.documentation.spring.web.OperationsKeyGenerator - Cache key generated: /user/toLogin.com.example.controller.UserController.toLogin.DefaultGenericTypeNamingStrategy
2019-11-01 08:57:08,920 [main] INFO  springfox.documentation.spring.web.caching.CachingAspect - Caching aspect applied for cache operations with key /user/toLogin.com.example.controller.UserController.toLogin.DefaultGenericTypeNamingStrategy
2019-11-01 08:57:08,921 [main] INFO  springfox.documentation.swagger.web.ClassOrApiAnnotationResourceGrouping - Group for method toLogin was user-controller
2019-11-01 08:57:08,922 [main] INFO  springfox.documentation.swagger.web.ClassOrApiAnnotationResourceGrouping - Group for method toLogin was user-controller
2019-11-01 08:57:08,923 [main] INFO  springfox.documentation.swagger.web.ClassOrApiAnnotationResourceGrouping - Group for method toLogin was user-controller
2019-11-01 08:57:08,924 [main] INFO  springfox.documentation.swagger.web.ClassOrApiAnnotationResourceGrouping - Group for method toLogin was user-controller
2019-11-01 08:57:08,926 [main] INFO  springfox.documentation.swagger.web.ClassOrApiAnnotationResourceGrouping - Group for method toLogin was user-controller
2019-11-01 08:57:08,927 [main] INFO  springfox.documentation.swagger.web.ClassOrApiAnnotationResourceGrouping - Group for method toLogin was user-controller
2019-11-01 08:57:08,929 [main] INFO  springfox.documentation.swagger.web.ClassOrApiAnnotationResourceGrouping - Group for method toLogin was user-controller
2019-11-01 08:57:08,930 [main] INFO  springfox.documentation.swagger.web.ClassOrApiAnnotationResourceGrouping - Group for method toLogin was user-controller
2019-11-01 08:57:08,932 [main] INFO  springfox.documentation.swagger.web.ClassOrApiAnnotationResourceGrouping - Group for method toLogin was user-controller
2019-11-01 08:57:08,946 [main] INFO  springfox.documentation.swagger.web.ClassOrApiAnnotationResourceGrouping - Group for method toLogin was user-controller
2019-11-01 08:57:08,948 [main] INFO  springfox.documentation.swagger.web.ClassOrApiAnnotationResourceGrouping - Group for method toLogin was user-controller
2019-11-01 08:57:08,951 [main] INFO  springfox.documentation.swagger.web.ClassOrApiAnnotationResourceGrouping - Group for method toLogin was user-controller
2019-11-01 08:57:08,952 [main] INFO  springfox.documentation.swagger.web.ClassOrApiAnnotationResourceGrouping - Group for method toLogin was user-controller
2019-11-01 08:57:08,970 [main] INFO  springfox.documentation.swagger.web.ClassOrApiAnnotationResourceGrouping - Group for method toLogin was user-controller
2019-11-01 08:57:08,972 [main] INFO  springfox.documentation.swagger.web.ClassOrApiAnnotationResourceGrouping - Group for method toLogin was user-controller
2019-11-01 08:57:08,973 [main] INFO  springfox.documentation.swagger.web.ClassOrApiAnnotationResourceGrouping - Group for method toLogin was user-controller
2019-11-01 08:57:09,089 [main] INFO  com.example.springbootdemo.SpringbootdemoApplicationTests - Started SpringbootdemoApplicationTests in 30.209 seconds (JVM running for 43.017)
2019-11-01 08:57:11,314 [main] INFO  com.zaxxer.hikari.HikariDataSource - HikariPool-1 - Starting...
2019-11-01 08:57:12,245 [main] INFO  com.zaxxer.hikari.HikariDataSource - HikariPool-1 - Start completed.
2019-11-01 08:57:12,575 [Thread-3] INFO  org.springframework.amqp.rabbit.listener.SimpleMessageListenerContainer - Waiting for workers to finish.
2019-11-01 08:57:13,409 [Thread-3] INFO  org.springframework.amqp.rabbit.listener.SimpleMessageListenerContainer - Successfully waited for workers to finish.
2019-11-01 08:57:13,410 [Thread-3] INFO  org.springframework.amqp.rabbit.listener.SimpleMessageListenerContainer - Waiting for workers to finish.
2019-11-01 08:57:14,407 [Thread-3] INFO  org.springframework.amqp.rabbit.listener.SimpleMessageListenerContainer - Successfully waited for workers to finish.
2019-11-01 08:57:14,409 [Thread-3] INFO  org.springframework.amqp.rabbit.listener.SimpleMessageListenerContainer - Waiting for workers to finish.
2019-11-01 08:57:14,409 [Thread-3] INFO  org.springframework.amqp.rabbit.listener.SimpleMessageListenerContainer - Successfully waited for workers to finish.
2019-11-01 08:57:14,410 [Thread-3] INFO  org.springframework.amqp.rabbit.listener.SimpleMessageListenerContainer - Waiting for workers to finish.
2019-11-01 08:57:15,409 [Thread-3] INFO  org.springframework.amqp.rabbit.listener.SimpleMessageListenerContainer - Successfully waited for workers to finish.
2019-11-01 08:57:15,411 [Thread-3] INFO  org.springframework.amqp.rabbit.listener.SimpleMessageListenerContainer - Waiting for workers to finish.
2019-11-01 08:57:16,410 [Thread-3] INFO  org.springframework.amqp.rabbit.listener.SimpleMessageListenerContainer - Successfully waited for workers to finish.
2019-11-01 08:57:16,412 [Thread-3] INFO  org.springframework.amqp.rabbit.listener.SimpleMessageListenerContainer - Waiting for workers to finish.
2019-11-01 08:57:17,412 [Thread-3] INFO  org.springframework.amqp.rabbit.listener.SimpleMessageListenerContainer - Successfully waited for workers to finish.
2019-11-01 08:57:17,413 [Thread-3] INFO  org.springframework.amqp.rabbit.listener.SimpleMessageListenerContainer - Waiting for workers to finish.
2019-11-01 08:57:18,413 [Thread-3] INFO  org.springframework.amqp.rabbit.listener.SimpleMessageListenerContainer - Successfully waited for workers to finish.
2019-11-01 08:57:18,463 [Thread-3] INFO  org.springframework.amqp.rabbit.listener.SimpleMessageListenerContainer - Shutdown ignored - container is not active already
2019-11-01 08:57:18,463 [Thread-3] INFO  org.springframework.amqp.rabbit.listener.SimpleMessageListenerContainer - Shutdown ignored - container is not active already
2019-11-01 08:57:18,464 [Thread-3] INFO  org.springframework.amqp.rabbit.listener.SimpleMessageListenerContainer - Shutdown ignored - container is not active already
2019-11-01 08:57:18,464 [Thread-3] INFO  org.springframework.amqp.rabbit.listener.SimpleMessageListenerContainer - Shutdown ignored - container is not active already
2019-11-01 08:57:18,464 [Thread-3] INFO  org.springframework.amqp.rabbit.listener.SimpleMessageListenerContainer - Shutdown ignored - container is not active already
2019-11-01 08:57:18,464 [Thread-3] INFO  org.springframework.amqp.rabbit.listener.SimpleMessageListenerContainer - Shutdown ignored - container is not active already
2019-11-01 08:57:18,464 [Thread-3] INFO  org.springframework.amqp.rabbit.listener.SimpleMessageListenerContainer - Shutdown ignored - container is not active already
2019-11-01 08:57:18,581 [Thread-3] INFO  com.zaxxer.hikari.HikariDataSource - HikariPool-1 - Shutdown initiated...
2019-11-01 08:57:18,592 [Thread-3] INFO  com.zaxxer.hikari.HikariDataSource - HikariPool-1 - Shutdown completed.
